[2021-07-30T11:15:41.181] [INFO] info - [ 'koa-template is running at: http://localhost:8001' ]
[2021-07-30T11:36:32.012] [INFO] info - [ 'koa-template is running at: http://localhost:8001' ]
[2021-07-30T11:36:34.414] [INFO] info - [ 'GET / - 2ms' ]
[2021-07-30T11:36:41.155] [INFO] info - [ 'GET / - 0ms' ]
[2021-07-30T11:36:44.657] [INFO] info - [ 'GET /api - 1ms' ]
[2021-07-30T11:37:16.732] [INFO] info - [ 'OPTIONS /api/user/info - 0ms' ]
[2021-07-30T11:37:16.783] [INFO] info - [ 'GET /api/user/info - 48ms' ]
[2021-07-30T11:37:20.958] [INFO] info - [ 'OPTIONS /api/sign/signin - 0ms' ]
[2021-07-30T11:37:21.093] [INFO] info - [ 'PUT /api/sign/signin - 133ms' ]
[2021-07-30T11:38:15.579] [INFO] info - [ 'koa-template is running at: http://localhost:8001' ]
[2021-07-30T11:38:17.993] [INFO] info - [ 'OPTIONS /api/sign/signin - 1ms' ]
[2021-07-30T11:38:18.091] [INFO] info - [ 'PUT /api/sign/signin - 94ms' ]
[2021-07-30T11:38:18.094] [INFO] info - [ 'PUT /api/sign/signin - 12ms' ]
[2021-07-30T11:42:12.493] [INFO] info - [ 'koa-template is running at: http://localhost:8001' ]
[2021-07-30T11:45:20.821] [INFO] info - [ 'koa-template is running at: http://localhost:8001' ]
[2021-07-30T11:45:28.565] [INFO] info - [ 'koa-template is running at: http://localhost:8001' ]
[2021-07-30T11:46:02.646] [INFO] info - [ 'koa-template is running at: http://localhost:8001' ]
[2021-07-30T11:46:07.599] [INFO] info - [ 'koa-template is running at: http://localhost:8001' ]
[2021-07-30T11:46:35.309] [INFO] info - [ 'OPTIONS /api/sign/signin - 2ms' ]
[2021-07-30T11:46:35.453] [INFO] info - [ 'PUT /api/sign/signin - 139ms' ]
[2021-07-30T11:54:17.037] [INFO] info - [ 'koa-template is running at: http://localhost:8001' ]
[2021-07-30T11:54:26.245] [INFO] info - [ 'OPTIONS /api/user/info - 2ms' ]
[2021-07-30T11:54:26.255] [INFO] info - [ 'GET /api/user/info - 4ms' ]
[2021-07-30T11:54:31.421] [INFO] info - [ 'OPTIONS /api/sign/signin - 0ms' ]
[2021-07-30T11:54:31.439] [INFO] info - [ 'PUT /api/sign/signin - 16ms' ]
[2021-07-30T11:54:56.453] [INFO] info - [ 'koa-template is running at: http://localhost:8001' ]
[2021-07-30T11:55:00.533] [INFO] info - [ 'OPTIONS /api/sign/signin - 2ms' ]
[2021-07-30T11:55:00.553] [INFO] info - [ 'PUT /api/sign/signin - 16ms' ]
[2021-07-30T11:55:05.852] [INFO] info - [ 'OPTIONS /api/sign/signin - 1ms' ]
[2021-07-30T11:55:05.856] [INFO] info - [ 'PUT /api/sign/signin - 2ms' ]
[2021-07-30T11:55:16.642] [INFO] info - [ 'koa-template is running at: http://localhost:8001' ]
[2021-07-30T11:55:25.091] [INFO] info - [ 'koa-template is running at: http://localhost:8001' ]
[2021-07-30T11:57:30.420] [INFO] info - [ 'koa-template is running at: http://localhost:8001' ]
[2021-07-30T11:57:33.634] [INFO] info - [ 'OPTIONS /api/sign/signin - 1ms' ]
[2021-07-30T11:57:33.656] [INFO] info - [ 'PUT /api/sign/signin - 18ms' ]
[2021-07-30T11:57:48.726] [INFO] info - [ 'koa-template is running at: http://localhost:8001' ]
[2021-07-30T11:57:50.749] [INFO] info - [ 'OPTIONS /api/sign/signin - 2ms' ]
[2021-07-30T11:57:50.771] [INFO] info - [ 'PUT /api/sign/signin - 17ms' ]
[2021-07-30T11:58:40.519] [INFO] info - [ 'koa-template is running at: http://localhost:8001' ]
[2021-07-30T11:58:46.149] [INFO] info - [ 'OPTIONS /api/sign/signin - 2ms' ]
[2021-07-30T11:58:46.170] [INFO] info - [ 'PUT /api/sign/signin - 17ms' ]
[2021-07-30T11:58:58.904] [INFO] info - [ 'koa-template is running at: http://localhost:8001' ]
[2021-07-30T11:59:01.178] [INFO] info - [ 'koa-template is running at: http://localhost:8001' ]
[2021-07-30T11:59:04.425] [INFO] info - [ 'koa-template is running at: http://localhost:8001' ]
[2021-07-30T12:05:06.870] [INFO] info - [ 'koa-template is running at: http://localhost:8001' ]
[2021-07-30T12:09:54.546] [INFO] info - [ 'koa-template is running at: http://localhost:8001' ]
[2021-07-30T12:09:57.991] [INFO] info - [ 'koa-template is running at: http://localhost:8001' ]
[2021-07-30T12:10:03.666] [INFO] info - [ 'OPTIONS /api/sign/signin - 1ms' ]
[2021-07-30T12:10:03.686] [INFO] info - [ 'PUT /api/sign/signin - 16ms' ]
[2021-07-30T12:12:29.026] [INFO] info - [ 'koa-template is running at: http://localhost:8001' ]
[2021-07-30T12:12:42.430] [INFO] info - [ 'koa-template is running at: http://localhost:8001' ]
[2021-07-30T12:12:49.843] [INFO] info - [ 'OPTIONS /api/user/info - 1ms' ]
[2021-07-30T12:12:49.851] [INFO] info - [ 'GET /api/user/info - 4ms' ]
[2021-07-30T12:12:52.967] [INFO] info - [ 'OPTIONS /api/sign/signin - 0ms' ]
[2021-07-30T12:12:52.986] [INFO] info - [ 'PUT /api/sign/signin - 17ms' ]
[2021-07-30T12:18:56.564] [INFO] info - [ 'koa-template is running at: http://localhost:8001' ]
[2021-07-30T12:19:07.731] [INFO] info - [ 'OPTIONS /api/sign/signin - 2ms' ]
[2021-07-30T12:19:07.852] [INFO] info - [ 'PUT /api/sign/signin - 115ms' ]
[2021-07-30T12:20:12.304] [INFO] info - [ 'koa-template is running at: http://localhost:8001' ]
[2021-07-30T12:20:23.404] [INFO] info - [ 'OPTIONS /api/sign/signin - 2ms' ]
[2021-07-30T12:20:23.507] [INFO] info - [ 'PUT /api/sign/signin - 98ms' ]
[2021-07-30T12:20:24.088] [INFO] info - [ 'OPTIONS /api/user/info - 0ms' ]
[2021-07-30T12:20:24.115] [INFO] info - [ 'GET /api/user/info - 25ms' ]
[2021-07-30T12:23:07.399] [INFO] info - [ 'koa-template is running at: http://localhost:8001' ]
[2021-07-30T12:23:39.693] [INFO] info - [ 'OPTIONS /api/sign/signin - 2ms' ]
[2021-07-30T12:23:39.886] [INFO] info - [ 'PUT /api/sign/signin - 189ms' ]
[2021-07-30T12:23:40.235] [INFO] info - [ 'OPTIONS /api/user/info - 0ms' ]
[2021-07-30T12:23:40.278] [INFO] info - [ 'GET /api/user/info - 41ms' ]
[2021-07-30T12:23:56.866] [INFO] info - [ 'OPTIONS /api/sign/signin - 0ms' ]
[2021-07-30T12:23:56.882] [INFO] info - [ 'PUT /api/sign/signin - 13ms' ]
[2021-07-30T12:23:57.165] [INFO] info - [ 'OPTIONS /api/user/info - 1ms' ]
[2021-07-30T12:23:57.192] [INFO] info - [ 'GET /api/user/info - 25ms' ]
[2021-07-30T12:24:03.360] [INFO] info - [ 'OPTIONS /api/user/info - 0ms' ]
[2021-07-30T12:24:03.363] [INFO] info - [ 'GET /api/user/info - 1ms' ]
[2021-07-30T12:24:11.527] [INFO] info - [ 'OPTIONS /api/sign/signin - 0ms' ]
[2021-07-30T12:24:11.539] [INFO] info - [ 'PUT /api/sign/signin - 10ms' ]
[2021-07-30T12:24:11.776] [INFO] info - [ 'OPTIONS /api/user/info - 0ms' ]
[2021-07-30T12:24:11.788] [INFO] info - [ 'GET /api/user/info - 10ms' ]
[2021-07-30T12:24:13.010] [INFO] info - [ 'OPTIONS /api/user/list - 0ms' ]
[2021-07-30T12:24:13.032] [INFO] info - [ 'GET /api/user/list - 20ms' ]
[2021-07-30T12:24:36.622] [INFO] info - [ 'OPTIONS /api/sign/signup - 0ms' ]
[2021-07-30T12:24:36.669] [INFO] info - [ 'POST /api/sign/signup - 45ms' ]
[2021-07-30T12:24:37.268] [INFO] info - [ 'OPTIONS /api/sign/signin - 0ms' ]
[2021-07-30T12:24:37.279] [INFO] info - [ 'PUT /api/sign/signin - 8ms' ]
[2021-07-30T12:24:37.578] [INFO] info - [ 'OPTIONS /api/user/info - 0ms' ]
[2021-07-30T12:24:37.593] [INFO] info - [ 'GET /api/user/info - 14ms' ]
[2021-07-30T12:25:33.378] [INFO] info - [ 'koa-template is running at: http://localhost:8001' ]
[2021-07-30T12:29:21.721] [INFO] info - [ 'koa-template is running at: http://localhost:8001' ]
[2021-07-30T12:29:39.243] [INFO] info - [ 'koa-template is running at: http://localhost:8001' ]
[2021-07-30T12:30:02.082] [INFO] info - [ 'OPTIONS /api/user/info - 1ms' ]
[2021-07-30T12:30:02.232] [INFO] info - [ 'GET /api/user/info - 147ms' ]
[2021-07-30T12:30:06.238] [INFO] info - [ 'GET /api/user/info - 9ms' ]
[2021-07-30T12:30:06.946] [INFO] info - [ 'GET /api/user/info - 8ms' ]
[2021-07-30T12:30:07.227] [INFO] info - [ 'OPTIONS /api/user/info - 0ms' ]
[2021-07-30T12:30:07.238] [INFO] info - [ 'GET /api/user/info - 9ms' ]
